  Building Custom Rule D:/Code/HM_64/HM/source/Lib/TLibEncoder/CMakeLists.txt
  NALwrite.cpp
  SEIEncoder.cpp
  SEIwrite.cpp
  SyntaxElementWriter.cpp
  TEncBinCoderCABAC.cpp
  TEncBinCoderCABACCounter.cpp
  TEncCavlc.cpp
  TEncCu.cpp
  TEncEntropy.cpp
  TEncGOP.cpp
  TEncPic.cpp
  TEncPreanalyzer.cpp
  TEncRateCtrl.cpp
  TEncSampleAdaptiveOffset.cpp
  TEncSbac.cpp
  TEncSearch.cpp
  TEncSlice.cpp
  TEncTemporalFilter.cpp
  TEncTop.cpp
  WeightPredAnalysis.cpp
  TLibEncoder.vcxproj -> D:\Code\HM_64\HM\lib\vs15\msvc-19.16\x86_64\debug\TLibEncoder.lib
