  Building Custom Rule D:/Code/HM_64/HM/source/Lib/TLibCommonAnalyser/CMakeLists.txt
  ContextModel.cpp
  ContextModel3DBuffer.cpp
  Debug.cpp
  ProfileLevelTierFeatures.cpp
  SEI.cpp
  TComBitStream.cpp
  TComCABACTables.cpp
  TComChromaFormat.cpp
  TComDataCU.cpp
  TComInterpolationFilter.cpp
  TComLoopFilter.cpp
  TComMotionInfo.cpp
  TComPattern.cpp
  TComPic.cpp
  TComPicSym.cpp
  TComPicYuv.cpp
  TComPicYuvMD5.cpp
  TComPrediction.cpp
  TComRdCost.cpp
  TComRdCostWeightPrediction.cpp
  TComRom.cpp
  TComSampleAdaptiveOffset.cpp
  TComSlice.cpp
  TComTU.cpp
  TComTrQuant.cpp
  TComWeightPrediction.cpp
  TComYuv.cpp
  libmd5.cpp
  TLibCommonAnalyser.vcxproj -> D:\Code\HM_64\HM\lib\vs15\msvc-19.16\x86_64\debug\TLibCommonAnalyser.lib
